# JRE version: OpenJDK Runtime Environment Temurin-21.0.8+9 (21.0.8+9) (build 21.0.8+9-LTS)
# Java VM: OpenJDK 64-Bit Server VM Temurin-21.0.8+9 (21.0.8+9-LTS, mixed mode, sharing, tiered, compressed oops, compressed class ptrs, parallel gc, windows-amd64)
GC Precious Log:
 CardTable entry size: 512
 CPUs: 8 total, 8 available
 Memory: 12087M
 Large Page Support: Disabled
 NUMA Support: Disabled
 Compressed Oops: Enabled (32-bit)
 Alignments: Space 512K, Generation 512K, Heap 2M
 Heap Min Capacity: 100M
 Heap Initial Capacity: 100M
 Heap Max Capacity: 2G
 Pre-touch: Disabled
 Parallel Workers: 8
Heap:
 PSYoungGen      total 12800K, used 2161K [0x00000000d5580000, 0x00000000d6380000, 0x0000000100000000)
  eden space 12288K, 14% used [0x00000000d5580000,0x00000000d57445b8,0x00000000d6180000)
  from space 512K, 68% used [0x00000000d6180000,0x00000000d61d8000,0x00000000d6200000)
  to   space 1024K, 0% used [0x00000000d6280000,0x00000000d6280000,0x00000000d6380000)
 ParOldGen       total 1051648K, used 1051251K [0x0000000080000000, 0x00000000c0300000, 0x00000000d5580000)
  object space 1051648K, 99% used [0x0000000080000000,0x00000000c029ce50,0x00000000c0300000)
 Metaspace       used 94000K, committed 95936K, reserved 1179648K
  class space    used 9546K, committed 10432K, reserved 1048576K
GC Heap History (20 events):
Event: 2549.495 GC heap before
{Heap before GC invocations=1679 (full 5):
 PSYoungGen      total 14848K, used 14596K [0x00000000d5580000, 0x00000000d6600000, 0x0000000100000000)
  eden space 12800K, 100% used [0x00000000d5580000,0x00000000d6200000,0x00000000d6200000)
  from space 2048K, 87% used [0x00000000d6280000,0x00000000d6441210,0x00000000d6480000)
  to   space 1536K, 0% used [0x00000000d6480000,0x00000000d6480000,0x00000000d6600000)
 ParOldGen       total 1041920K, used 1041693K [0x0000000080000000, 0x00000000bf980000, 0x00000000d5580000)
  object space 1041920K, 99% used [0x0000000080000000,0x00000000bf947470,0x00000000bf980000)
 Metaspace       used 93939K, committed 95936K, reserved 1179648K
  class space    used 9546K, committed 10432K, reserved 1048576K
}
Event: 2549.498 GC heap after
{Heap after GC invocations=1679 (full 5):
 PSYoungGen      total 14336K, used 1120K [0x00000000d5580000, 0x00000000d6600000, 0x0000000100000000)
  eden space 12800K, 0% used [0x00000000d5580000,0x00000000d5580000,0x00000000d6200000)
  from space 1536K, 72% used [0x00000000d6480000,0x00000000d6598020,0x00000000d6600000)
  to   space 1536K, 0% used [0x00000000d6300000,0x00000000d6300000,0x00000000d6480000)
 ParOldGen       total 1043456K, used 1043382K [0x0000000080000000, 0x00000000bfb00000, 0x00000000d5580000)
  object space 1043456K, 99% used [0x0000000080000000,0x00000000bfaed910,0x00000000bfb00000)
 Metaspace       used 93939K, committed 95936K, reserved 1179648K
  class space    used 9546K, committed 10432K, reserved 1048576K
}
Event: 2549.520 GC heap before
{Heap before GC invocations=1680 (full 5):
 PSYoungGen      total 14336K, used 13920K [0x00000000d5580000, 0x00000000d6600000, 0x0000000100000000)
  eden space 12800K, 100% used [0x00000000d5580000,0x00000000d6200000,0x00000000d6200000)
  from space 1536K, 72% used [0x00000000d6480000,0x00000000d6598020,0x00000000d6600000)
  to   space 1536K, 0% used [0x00000000d6300000,0x00000000d6300000,0x00000000d6480000)
 ParOldGen       total 1043456K, used 1043382K [0x0000000080000000, 0x00000000bfb00000, 0x00000000d5580000)
  object space 1043456K, 99% used [0x0000000080000000,0x00000000bfaed910,0x00000000bfb00000)
 Metaspace       used 93939K, committed 95936K, reserved 1179648K
  class space    used 9546K, committed 10432K, reserved 1048576K
}
Event: 2549.524 GC heap after
{Heap after GC invocations=1680 (full 5):
 PSYoungGen      total 14336K, used 1520K [0x00000000d5580000, 0x00000000d6600000, 0x0000000100000000)
  eden space 12800K, 0% used [0x00000000d5580000,0x00000000d5580000,0x00000000d6200000)
  from space 1536K, 98% used [0x00000000d6300000,0x00000000d647c010,0x00000000d6480000)
  to   space 1536K, 0% used [0x00000000d6480000,0x00000000d6480000,0x00000000d6600000)
 ParOldGen       total 1044480K, used 1044342K [0x0000000080000000, 0x00000000bfc00000, 0x00000000d5580000)
  object space 1044480K, 99% used [0x0000000080000000,0x00000000bfbdd9b0,0x00000000bfc00000)
 Metaspace       used 93939K, committed 95936K, reserved 1179648K
  class space    used 9546K, committed 10432K, reserved 1048576K
}
Event: 2549.810 GC heap before
{Heap before GC invocations=1681 (full 5):
 PSYoungGen      total 14336K, used 14320K [0x00000000d5580000, 0x00000000d6600000, 0x0000000100000000)
  eden space 12800K, 100% used [0x00000000d5580000,0x00000000d6200000,0x00000000d6200000)
  from space 1536K, 98% used [0x00000000d6300000,0x00000000d647c010,0x00000000d6480000)
  to   space 1536K, 0% used [0x00000000d6480000,0x00000000d6480000,0x00000000d6600000)
 ParOldGen       total 1044480K, used 1044342K [0x0000000080000000, 0x00000000bfc00000, 0x00000000d5580000)
  object space 1044480K, 99% used [0x0000000080000000,0x00000000bfbdd9b0,0x00000000bfc00000)
 Metaspace       used 93941K, committed 95936K, reserved 1179648K
  class space    used 9546K, committed 10432K, reserved 1048576K
}
Event: 2549.813 GC heap after
{Heap after GC invocations=1681 (full 5):
 PSYoungGen      total 14336K, used 1412K [0x00000000d5580000, 0x00000000d6600000, 0x0000000100000000)
  eden space 12800K, 0% used [0x00000000d5580000,0x00000000d5580000,0x00000000d6200000)
  from space 1536K, 91% used [0x00000000d6480000,0x00000000d65e1210,0x00000000d6600000)
  to   space 1536K, 0% used [0x00000000d6300000,0x00000000d6300000,0x00000000d6480000)
 ParOldGen       total 1046016K, used 1045598K [0x0000000080000000, 0x00000000bfd80000, 0x00000000d5580000)
  object space 1046016K, 99% used [0x0000000080000000,0x00000000bfd17a70,0x00000000bfd80000)
 Metaspace       used 93941K, committed 95936K, reserved 1179648K
  class space    used 9546K, committed 10432K, reserved 1048576K
}
Event: 2549.826 GC heap before
{Heap before GC invocations=1682 (full 5):
 PSYoungGen      total 14336K, used 14212K [0x00000000d5580000, 0x00000000d6600000, 0x0000000100000000)
  eden space 12800K, 100% used [0x00000000d5580000,0x00000000d6200000,0x00000000d6200000)
  from space 1536K, 91% used [0x00000000d6480000,0x00000000d65e1210,0x00000000d6600000)
  to   space 1536K, 0% used [0x00000000d6300000,0x00000000d6300000,0x00000000d6480000)
 ParOldGen       total 1046016K, used 1045598K [0x0000000080000000, 0x00000000bfd80000, 0x00000000d5580000)
  object space 1046016K, 99% used [0x0000000080000000,0x00000000bfd17a70,0x00000000bfd80000)
 Metaspace       used 93941K, committed 95936K, reserved 1179648K
  class space    used 9546K, committed 10432K, reserved 1048576K
}
Event: 2549.830 GC heap after
{Heap after GC invocations=1682 (full 5):
 PSYoungGen      total 14336K, used 1040K [0x00000000d5580000, 0x00000000d6500000, 0x0000000100000000)
  eden space 12800K, 0% used [0x00000000d5580000,0x00000000d5580000,0x00000000d6200000)
  from space 1536K, 67% used [0x00000000d6300000,0x00000000d6404030,0x00000000d6480000)
  to   space 512K, 0% used [0x00000000d6480000,0x00000000d6480000,0x00000000d6500000)
 ParOldGen       total 1047040K, used 1046857K [0x0000000080000000, 0x00000000bfe80000, 0x00000000d5580000)
  object space 1047040K, 99% used [0x0000000080000000,0x00000000bfe52568,0x00000000bfe80000)
 Metaspace       used 93941K, committed 95936K, reserved 1179648K
  class space    used 9546K, committed 10432K, reserved 1048576K
}
Event: 4393.603 GC heap before
{Heap before GC invocations=1683 (full 5):
 PSYoungGen      total 14336K, used 13840K [0x00000000d5580000, 0x00000000d6500000, 0x0000000100000000)
  eden space 12800K, 100% used [0x00000000d5580000,0x00000000d6200000,0x00000000d6200000)
  from space 1536K, 67% used [0x00000000d6300000,0x00000000d6404030,0x00000000d6480000)
  to   space 512K, 0% used [0x00000000d6480000,0x00000000d6480000,0x00000000d6500000)
 ParOldGen       total 1047040K, used 1046857K [0x0000000080000000, 0x00000000bfe80000, 0x00000000d5580000)
  object space 1047040K, 99% used [0x0000000080000000,0x00000000bfe52568,0x00000000bfe80000)
 Metaspace       used 93956K, committed 95936K, reserved 1179648K
  class space    used 9546K, committed 10432K, reserved 1048576K
}
Event: 4393.660 GC heap after
{Heap after GC invocations=1683 (full 5):
 PSYoungGen      total 12800K, used 512K [0x00000000d5580000, 0x00000000d6800000, 0x0000000100000000)
  eden space 12288K, 0% used [0x00000000d5580000,0x00000000d5580000,0x00000000d6180000)
  from space 512K, 100% used [0x00000000d6480000,0x00000000d6500000,0x00000000d6500000)
  to   space 3072K, 0% used [0x00000000d6180000,0x00000000d6180000,0x00000000d6480000)
 ParOldGen       total 1049088K, used 1048694K [0x0000000080000000, 0x00000000c0080000, 0x00000000d5580000)
  object space 1049088K, 99% used [0x0000000080000000,0x00000000c001d850,0x00000000c0080000)
 Metaspace       used 93956K, committed 95936K, reserved 1179648K
  class space    used 9546K, committed 10432K, reserved 1048576K
}
Event: 4395.467 GC heap before
{Heap before GC invocations=1684 (full 5):
 PSYoungGen      total 12800K, used 12800K [0x00000000d5580000, 0x00000000d6800000, 0x0000000100000000)
  eden space 12288K, 100% used [0x00000000d5580000,0x00000000d6180000,0x00000000d6180000)
  from space 512K, 100% used [0x00000000d6480000,0x00000000d6500000,0x00000000d6500000)
  to   space 3072K, 0% used [0x00000000d6180000,0x00000000d6180000,0x00000000d6480000)
 ParOldGen       total 1049088K, used 1048694K [0x0000000080000000, 0x00000000c0080000, 0x00000000d5580000)
  object space 1049088K, 99% used [0x0000000080000000,0x00000000c001d850,0x00000000c0080000)
 Metaspace       used 93960K, committed 95936K, reserved 1179648K
  class space    used 9546K, committed 10432K, reserved 1048576K
}
Event: 4395.471 GC heap after
{Heap after GC invocations=1684 (full 5):
 PSYoungGen      total 12800K, used 192K [0x00000000d5580000, 0x00000000d6500000, 0x0000000100000000)
  eden space 12288K, 0% used [0x00000000d5580000,0x00000000d5580000,0x00000000d6180000)
  from space 512K, 37% used [0x00000000d6180000,0x00000000d61b0000,0x00000000d6200000)
  to   space 1024K, 0% used [0x00000000d6400000,0x00000000d6400000,0x00000000d6500000)
 ParOldGen       total 1049600K, used 1049238K [0x0000000080000000, 0x00000000c0100000, 0x00000000d5580000)
  object space 1049600K, 99% used [0x0000000080000000,0x00000000c00a5870,0x00000000c0100000)
 Metaspace       used 93960K, committed 95936K, reserved 1179648K
  class space    used 9546K, committed 10432K, reserved 1048576K
}
Event: 4396.425 GC heap before
{Heap before GC invocations=1685 (full 5):
 PSYoungGen      total 12800K, used 12480K [0x00000000d5580000, 0x00000000d6500000, 0x0000000100000000)
  eden space 12288K, 100% used [0x00000000d5580000,0x00000000d6180000,0x00000000d6180000)
  from space 512K, 37% used [0x00000000d6180000,0x00000000d61b0000,0x00000000d6200000)
  to   space 1024K, 0% used [0x00000000d6400000,0x00000000d6400000,0x00000000d6500000)
 ParOldGen       total 1049600K, used 1049238K [0x0000000080000000, 0x00000000c0100000, 0x00000000d5580000)
  object space 1049600K, 99% used [0x0000000080000000,0x00000000c00a5870,0x00000000c0100000)
 Metaspace       used 93960K, committed 95936K, reserved 1179648K
  class space    used 9546K, committed 10432K, reserved 1048576K
}
Event: 4396.427 GC heap after
{Heap after GC invocations=1685 (full 5):
 PSYoungGen      total 12800K, used 256K [0x00000000d5580000, 0x00000000d6480000, 0x0000000100000000)
  eden space 12288K, 0% used [0x00000000d5580000,0x00000000d5580000,0x00000000d6180000)
  from space 512K, 50% used [0x00000000d6400000,0x00000000d6440000,0x00000000d6480000)
  to   space 512K, 0% used [0x00000000d6180000,0x00000000d6180000,0x00000000d6200000)
 ParOldGen       total 1049600K, used 1049294K [0x0000000080000000, 0x00000000c0100000, 0x00000000d5580000)
  object space 1049600K, 99% used [0x0000000080000000,0x00000000c00b3870,0x00000000c0100000)
 Metaspace       used 93960K, committed 95936K, reserved 1179648K
  class space    used 9546K, committed 10432K, reserved 1048576K
}
Event: 4397.612 GC heap before
{Heap before GC invocations=1686 (full 5):
 PSYoungGen      total 12800K, used 12544K [0x00000000d5580000, 0x00000000d6480000, 0x0000000100000000)
  eden space 12288K, 100% used [0x00000000d5580000,0x00000000d6180000,0x00000000d6180000)
  from space 512K, 50% used [0x00000000d6400000,0x00000000d6440000,0x00000000d6480000)
  to   space 512K, 0% used [0x00000000d6180000,0x00000000d6180000,0x00000000d6200000)
 ParOldGen       total 1049600K, used 1049294K [0x0000000080000000, 0x00000000c0100000, 0x00000000d5580000)
  object space 1049600K, 99% used [0x0000000080000000,0x00000000c00b3870,0x00000000c0100000)
 Metaspace       used 93961K, committed 95936K, reserved 1179648K
  class space    used 9546K, committed 10432K, reserved 1048576K
}
Event: 4397.614 GC heap after
{Heap after GC invocations=1686 (full 5):
 PSYoungGen      total 12800K, used 500K [0x00000000d5580000, 0x00000000d6480000, 0x0000000100000000)
  eden space 12288K, 0% used [0x00000000d5580000,0x00000000d5580000,0x00000000d6180000)
  from space 512K, 97% used [0x00000000d6180000,0x00000000d61fd230,0x00000000d6200000)
  to   space 1536K, 0% used [0x00000000d6300000,0x00000000d6300000,0x00000000d6480000)
 ParOldGen       total 1050112K, used 1049800K [0x0000000080000000, 0x00000000c0180000, 0x00000000d5580000)
  object space 1050112K, 99% used [0x0000000080000000,0x00000000c01321f8,0x00000000c0180000)
 Metaspace       used 93961K, committed 95936K, reserved 1179648K
  class space    used 9546K, committed 10432K, reserved 1048576K
}
Event: 4397.632 GC heap before
{Heap before GC invocations=1687 (full 5):
 PSYoungGen      total 12800K, used 12788K [0x00000000d5580000, 0x00000000d6480000, 0x0000000100000000)
  eden space 12288K, 100% used [0x00000000d5580000,0x00000000d6180000,0x00000000d6180000)
  from space 512K, 97% used [0x00000000d6180000,0x00000000d61fd230,0x00000000d6200000)
  to   space 1536K, 0% used [0x00000000d6300000,0x00000000d6300000,0x00000000d6480000)
 ParOldGen       total 1050112K, used 1049800K [0x0000000080000000, 0x00000000c0180000, 0x00000000d5580000)
  object space 1050112K, 99% used [0x0000000080000000,0x00000000c01321f8,0x00000000c0180000)
 Metaspace       used 93961K, committed 95936K, reserved 1179648K
  class space    used 9546K, committed 10432K, reserved 1048576K
}
Event: 4397.634 GC heap after
{Heap after GC invocations=1687 (full 5):
 PSYoungGen      total 13824K, used 1088K [0x00000000d5580000, 0x00000000d6480000, 0x0000000100000000)
  eden space 12288K, 0% used [0x00000000d5580000,0x00000000d5580000,0x00000000d6180000)
  from space 1536K, 70% used [0x00000000d6300000,0x00000000d6410040,0x00000000d6480000)
  to   space 1536K, 0% used [0x00000000d6180000,0x00000000d6180000,0x00000000d6300000)
 ParOldGen       total 1050624K, used 1050307K [0x0000000080000000, 0x00000000c0200000, 0x00000000d5580000)
  object space 1050624K, 99% used [0x0000000080000000,0x00000000c01b0d90,0x00000000c0200000)
 Metaspace       used 93961K, committed 95936K, reserved 1179648K
  class space    used 9546K, committed 10432K, reserved 1048576K
}
Event: 14162.743 GC heap before
{Heap before GC invocations=1688 (full 5):
 PSYoungGen      total 13824K, used 13376K [0x00000000d5580000, 0x00000000d6480000, 0x0000000100000000)
  eden space 12288K, 100% used [0x00000000d5580000,0x00000000d6180000,0x00000000d6180000)
  from space 1536K, 70% used [0x00000000d6300000,0x00000000d6410040,0x00000000d6480000)
  to   space 1536K, 0% used [0x00000000d6180000,0x00000000d6180000,0x00000000d6300000)
 ParOldGen       total 1050624K, used 1050307K [0x0000000080000000, 0x00000000c0200000, 0x00000000d5580000)
  object space 1050624K, 99% used [0x0000000080000000,0x00000000c01b0d90,0x00000000c0200000)
 Metaspace       used 94000K, committed 95936K, reserved 1179648K
  class space    used 9546K, committed 10432K, reserved 1048576K
}
Event: 14162.777 GC heap after
{Heap after GC invocations=1688 (full 5):
 PSYoungGen      total 12800K, used 352K [0x00000000d5580000, 0x00000000d6380000, 0x0000000100000000)
  eden space 12288K, 0% used [0x00000000d5580000,0x00000000d5580000,0x00000000d6180000)
  from space 512K, 68% used [0x00000000d6180000,0x00000000d61d8000,0x00000000d6200000)
  to   space 1024K, 0% used [0x00000000d6280000,0x00000000d6280000,0x00000000d6380000)
 ParOldGen       total 1051648K, used 1051251K [0x0000000080000000, 0x00000000c0300000, 0x00000000d5580000)
  object space 1051648K, 99% used [0x0000000080000000,0x00000000c029ce50,0x00000000c0300000)
 Metaspace       used 94000K, committed 95936K, reserved 1179648K
  class space    used 9546K, committed 10432K, reserved 1048576K
}

